ERROR - 2026-01-01 17:12:14 --> Error connecting to the database: mysqli_sql_exception: Unknown database 'db_service_nutrisi' in C:\xampp\htdocs\service-calories\system\Database\MySQLi\Connection.php:201
Stack trace:
#0 C:\xampp\htdocs\service-calories\system\Database\MySQLi\Connection.php(201): mysqli->real_connect('localhost', 'root', Object(SensitiveParameterValue), 'db_service_nutr...', 3306, '', 0)
#1 C:\xampp\htdocs\service-calories\system\Database\BaseConnection.php(419): CodeIgniter\Database\MySQLi\Connection->connect(false)
#2 C:\xampp\htdocs\service-calories\system\Database\BaseConnection.php(614): CodeIgniter\Database\BaseConnection->initialize()
#3 C:\xampp\htdocs\service-calories\app\Controllers\CaloriesController.php(39): CodeIgniter\Database\BaseConnection->query('SELECT * FROM i...')
#4 C:\xampp\htdocs\service-calories\system\CodeIgniter.php(933): App\Controllers\CaloriesController->create()
#5 C:\xampp\htdocs\service-calories\system\CodeIgniter.php(507): CodeIgniter\CodeIgniter->runController(Object(App\Controllers\CaloriesController))
#6 C:\xampp\htdocs\service-calories\system\CodeIgniter.php(354): CodeIgniter\CodeIgniter->handleRequest(NULL, Object(Config\Cache), false)
#7 C:\xampp\htdocs\service-calories\system\Boot.php(363): CodeIgniter\CodeIgniter->run()
#8 C:\xampp\htdocs\service-calories\system\Boot.php(68): CodeIgniter\Boot::runCodeIgniter(Object(CodeIgniter\CodeIgniter))
#9 C:\xampp\htdocs\service-calories\public\index.php(59): CodeIgniter\Boot::bootWeb(Object(Config\Paths))
#10 {main}

Next CodeIgniter\Database\Exceptions\DatabaseException: Unknown database 'db_service_nutrisi' in C:\xampp\htdocs\service-calories\system\Database\MySQLi\Connection.php:246
Stack trace:
#0 C:\xampp\htdocs\service-calories\system\Database\BaseConnection.php(419): CodeIgniter\Database\MySQLi\Connection->connect(false)
#1 C:\xampp\htdocs\service-calories\system\Database\BaseConnection.php(614): CodeIgniter\Database\BaseConnection->initialize()
#2 C:\xampp\htdocs\service-calories\app\Controllers\CaloriesController.php(39): CodeIgniter\Database\BaseConnection->query('SELECT * FROM i...')
#3 C:\xampp\htdocs\service-calories\system\CodeIgniter.php(933): App\Controllers\CaloriesController->create()
#4 C:\xampp\htdocs\service-calories\system\CodeIgniter.php(507): CodeIgniter\CodeIgniter->runController(Object(App\Controllers\CaloriesController))
#5 C:\xampp\htdocs\service-calories\system\CodeIgniter.php(354): CodeIgniter\CodeIgniter->handleRequest(NULL, Object(Config\Cache), false)
#6 C:\xampp\htdocs\service-calories\system\Boot.php(363): CodeIgniter\CodeIgniter->run()
#7 C:\xampp\htdocs\service-calories\system\Boot.php(68): CodeIgniter\Boot::runCodeIgniter(Object(CodeIgniter\CodeIgniter))
#8 C:\xampp\htdocs\service-calories\public\index.php(59): CodeIgniter\Boot::bootWeb(Object(Config\Paths))
#9 {main}
CRITICAL - 2026-01-01 17:12:14 --> CodeIgniter\Database\Exceptions\DatabaseException: Unable to connect to the database.
Main connection [MySQLi]: Unknown database 'db_service_nutrisi'
[Method: POST, Route: calculate]
in SYSTEMPATH\Database\BaseConnection.php on line 465.
 1 SYSTEMPATH\Database\BaseConnection.php(614): CodeIgniter\Database\BaseConnection->initialize()
 2 APPPATH\Controllers\CaloriesController.php(39): CodeIgniter\Database\BaseConnection->query('SELECT * FROM ingredients WHERE food_key LIKE \'%chicken%\' LIMIT 1')
 3 SYSTEMPATH\CodeIgniter.php(933): App\Controllers\CaloriesController->create()
 4 SYSTEMPATH\CodeIgniter.php(507): CodeIgniter\CodeIgniter->runController(Object(App\Controllers\CaloriesController))
 5 SYSTEMPATH\CodeIgniter.php(354): CodeIgniter\CodeIgniter->handleRequest(null, Object(Config\Cache), false)
 6 SYSTEMPATH\Boot.php(363): CodeIgniter\CodeIgniter->run()
 7 SYSTEMPATH\Boot.php(68): CodeIgniter\Boot::runCodeIgniter(Object(CodeIgniter\CodeIgniter))
 8 FCPATH\index.php(59): CodeIgniter\Boot::bootWeb(Object(Config\Paths))
ERROR - 2026-01-01 17:18:53 --> mysqli_sql_exception: Table 'db_service_calories.ingredients' doesn't exist in C:\xampp\htdocs\service-calories\system\Database\MySQLi\Connection.php:327
Stack trace:
#0 C:\xampp\htdocs\service-calories\system\Database\MySQLi\Connection.php(327): mysqli->query('SELECT * FROM i...', 0)
#1 C:\xampp\htdocs\service-calories\system\Database\BaseConnection.php(729): CodeIgniter\Database\MySQLi\Connection->execute('SELECT * FROM i...')
#2 C:\xampp\htdocs\service-calories\system\Database\BaseConnection.php(646): CodeIgniter\Database\BaseConnection->simpleQuery('SELECT * FROM i...')
#3 C:\xampp\htdocs\service-calories\app\Controllers\CaloriesController.php(39): CodeIgniter\Database\BaseConnection->query('SELECT * FROM i...')
#4 C:\xampp\htdocs\service-calories\system\CodeIgniter.php(933): App\Controllers\CaloriesController->create()
#5 C:\xampp\htdocs\service-calories\system\CodeIgniter.php(507): CodeIgniter\CodeIgniter->runController(Object(App\Controllers\CaloriesController))
#6 C:\xampp\htdocs\service-calories\system\CodeIgniter.php(354): CodeIgniter\CodeIgniter->handleRequest(NULL, Object(Config\Cache), false)
#7 C:\xampp\htdocs\service-calories\system\Boot.php(363): CodeIgniter\CodeIgniter->run()
#8 C:\xampp\htdocs\service-calories\system\Boot.php(68): CodeIgniter\Boot::runCodeIgniter(Object(CodeIgniter\CodeIgniter))
#9 C:\xampp\htdocs\service-calories\public\index.php(59): CodeIgniter\Boot::bootWeb(Object(Config\Paths))
#10 {main}
CRITICAL - 2026-01-01 17:18:53 --> CodeIgniter\Database\Exceptions\DatabaseException: Table 'db_service_calories.ingredients' doesn't exist
[Method: POST, Route: calculate]
in SYSTEMPATH\Database\BaseConnection.php on line 684.
 1 APPPATH\Controllers\CaloriesController.php(39): CodeIgniter\Database\BaseConnection->query('SELECT * FROM ingredients WHERE food_key LIKE \'%chicken%\' LIMIT 1')
 2 SYSTEMPATH\CodeIgniter.php(933): App\Controllers\CaloriesController->create()
 3 SYSTEMPATH\CodeIgniter.php(507): CodeIgniter\CodeIgniter->runController(Object(App\Controllers\CaloriesController))
 4 SYSTEMPATH\CodeIgniter.php(354): CodeIgniter\CodeIgniter->handleRequest(null, Object(Config\Cache), false)
 5 SYSTEMPATH\Boot.php(363): CodeIgniter\CodeIgniter->run()
 6 SYSTEMPATH\Boot.php(68): CodeIgniter\Boot::runCodeIgniter(Object(CodeIgniter\CodeIgniter))
 7 FCPATH\index.php(59): CodeIgniter\Boot::bootWeb(Object(Config\Paths))
CRITICAL - 2026-01-01 17:18:53 --> [Caused by] CodeIgniter\Database\Exceptions\DatabaseException: Table 'db_service_calories.ingredients' doesn't exist
in SYSTEMPATH\Database\MySQLi\Connection.php on line 332.
 1 SYSTEMPATH\Database\BaseConnection.php(729): CodeIgniter\Database\MySQLi\Connection->execute('SELECT * FROM ingredients WHERE food_key LIKE \'%chicken%\' LIMIT 1')
 2 SYSTEMPATH\Database\BaseConnection.php(646): CodeIgniter\Database\BaseConnection->simpleQuery('SELECT * FROM ingredients WHERE food_key LIKE \'%chicken%\' LIMIT 1')
 3 APPPATH\Controllers\CaloriesController.php(39): CodeIgniter\Database\BaseConnection->query('SELECT * FROM ingredients WHERE food_key LIKE \'%chicken%\' LIMIT 1')
 4 SYSTEMPATH\CodeIgniter.php(933): App\Controllers\CaloriesController->create()
 5 SYSTEMPATH\CodeIgniter.php(507): CodeIgniter\CodeIgniter->runController(Object(App\Controllers\CaloriesController))
 6 SYSTEMPATH\CodeIgniter.php(354): CodeIgniter\CodeIgniter->handleRequest(null, Object(Config\Cache), false)
 7 SYSTEMPATH\Boot.php(363): CodeIgniter\CodeIgniter->run()
 8 SYSTEMPATH\Boot.php(68): CodeIgniter\Boot::runCodeIgniter(Object(CodeIgniter\CodeIgniter))
 9 FCPATH\index.php(59): CodeIgniter\Boot::bootWeb(Object(Config\Paths))
CRITICAL - 2026-01-01 17:18:53 --> [Caused by] mysqli_sql_exception: Table 'db_service_calories.ingredients' doesn't exist
in SYSTEMPATH\Database\MySQLi\Connection.php on line 327.
 1 SYSTEMPATH\Database\MySQLi\Connection.php(327): mysqli->query('SELECT * FROM ingredients WHERE food_key LIKE \'%chicken%\' LIMIT 1', 0)
 2 SYSTEMPATH\Database\BaseConnection.php(729): CodeIgniter\Database\MySQLi\Connection->execute('SELECT * FROM ingredients WHERE food_key LIKE \'%chicken%\' LIMIT 1')
 3 SYSTEMPATH\Database\BaseConnection.php(646): CodeIgniter\Database\BaseConnection->simpleQuery('SELECT * FROM ingredients WHERE food_key LIKE \'%chicken%\' LIMIT 1')
 4 APPPATH\Controllers\CaloriesController.php(39): CodeIgniter\Database\BaseConnection->query('SELECT * FROM ingredients WHERE food_key LIKE \'%chicken%\' LIMIT 1')
 5 SYSTEMPATH\CodeIgniter.php(933): App\Controllers\CaloriesController->create()
 6 SYSTEMPATH\CodeIgniter.php(507): CodeIgniter\CodeIgniter->runController(Object(App\Controllers\CaloriesController))
 7 SYSTEMPATH\CodeIgniter.php(354): CodeIgniter\CodeIgniter->handleRequest(null, Object(Config\Cache), false)
 8 SYSTEMPATH\Boot.php(363): CodeIgniter\CodeIgniter->run()
 9 SYSTEMPATH\Boot.php(68): CodeIgniter\Boot::runCodeIgniter(Object(CodeIgniter\CodeIgniter))
10 FCPATH\index.php(59): CodeIgniter\Boot::bootWeb(Object(Config\Paths))
ERROR - 2026-01-01 17:19:11 --> mysqli_sql_exception: Table 'db_service_calories.ingredients' doesn't exist in C:\xampp\htdocs\service-calories\system\Database\MySQLi\Connection.php:327
Stack trace:
#0 C:\xampp\htdocs\service-calories\system\Database\MySQLi\Connection.php(327): mysqli->query('SELECT * FROM i...', 0)
#1 C:\xampp\htdocs\service-calories\system\Database\BaseConnection.php(729): CodeIgniter\Database\MySQLi\Connection->execute('SELECT * FROM i...')
#2 C:\xampp\htdocs\service-calories\system\Database\BaseConnection.php(646): CodeIgniter\Database\BaseConnection->simpleQuery('SELECT * FROM i...')
#3 C:\xampp\htdocs\service-calories\app\Controllers\CaloriesController.php(39): CodeIgniter\Database\BaseConnection->query('SELECT * FROM i...')
#4 C:\xampp\htdocs\service-calories\system\CodeIgniter.php(933): App\Controllers\CaloriesController->create()
#5 C:\xampp\htdocs\service-calories\system\CodeIgniter.php(507): CodeIgniter\CodeIgniter->runController(Object(App\Controllers\CaloriesController))
#6 C:\xampp\htdocs\service-calories\system\CodeIgniter.php(354): CodeIgniter\CodeIgniter->handleRequest(NULL, Object(Config\Cache), false)
#7 C:\xampp\htdocs\service-calories\system\Boot.php(363): CodeIgniter\CodeIgniter->run()
#8 C:\xampp\htdocs\service-calories\system\Boot.php(68): CodeIgniter\Boot::runCodeIgniter(Object(CodeIgniter\CodeIgniter))
#9 C:\xampp\htdocs\service-calories\public\index.php(59): CodeIgniter\Boot::bootWeb(Object(Config\Paths))
#10 {main}
CRITICAL - 2026-01-01 17:19:11 --> CodeIgniter\Database\Exceptions\DatabaseException: Table 'db_service_calories.ingredients' doesn't exist
[Method: POST, Route: calculate]
in SYSTEMPATH\Database\BaseConnection.php on line 684.
 1 APPPATH\Controllers\CaloriesController.php(39): CodeIgniter\Database\BaseConnection->query('SELECT * FROM ingredients WHERE food_key LIKE \'%chicken%\' LIMIT 1')
 2 SYSTEMPATH\CodeIgniter.php(933): App\Controllers\CaloriesController->create()
 3 SYSTEMPATH\CodeIgniter.php(507): CodeIgniter\CodeIgniter->runController(Object(App\Controllers\CaloriesController))
 4 SYSTEMPATH\CodeIgniter.php(354): CodeIgniter\CodeIgniter->handleRequest(null, Object(Config\Cache), false)
 5 SYSTEMPATH\Boot.php(363): CodeIgniter\CodeIgniter->run()
 6 SYSTEMPATH\Boot.php(68): CodeIgniter\Boot::runCodeIgniter(Object(CodeIgniter\CodeIgniter))
 7 FCPATH\index.php(59): CodeIgniter\Boot::bootWeb(Object(Config\Paths))
CRITICAL - 2026-01-01 17:19:11 --> [Caused by] CodeIgniter\Database\Exceptions\DatabaseException: Table 'db_service_calories.ingredients' doesn't exist
in SYSTEMPATH\Database\MySQLi\Connection.php on line 332.
 1 SYSTEMPATH\Database\BaseConnection.php(729): CodeIgniter\Database\MySQLi\Connection->execute('SELECT * FROM ingredients WHERE food_key LIKE \'%chicken%\' LIMIT 1')
 2 SYSTEMPATH\Database\BaseConnection.php(646): CodeIgniter\Database\BaseConnection->simpleQuery('SELECT * FROM ingredients WHERE food_key LIKE \'%chicken%\' LIMIT 1')
 3 APPPATH\Controllers\CaloriesController.php(39): CodeIgniter\Database\BaseConnection->query('SELECT * FROM ingredients WHERE food_key LIKE \'%chicken%\' LIMIT 1')
 4 SYSTEMPATH\CodeIgniter.php(933): App\Controllers\CaloriesController->create()
 5 SYSTEMPATH\CodeIgniter.php(507): CodeIgniter\CodeIgniter->runController(Object(App\Controllers\CaloriesController))
 6 SYSTEMPATH\CodeIgniter.php(354): CodeIgniter\CodeIgniter->handleRequest(null, Object(Config\Cache), false)
 7 SYSTEMPATH\Boot.php(363): CodeIgniter\CodeIgniter->run()
 8 SYSTEMPATH\Boot.php(68): CodeIgniter\Boot::runCodeIgniter(Object(CodeIgniter\CodeIgniter))
 9 FCPATH\index.php(59): CodeIgniter\Boot::bootWeb(Object(Config\Paths))
CRITICAL - 2026-01-01 17:19:11 --> [Caused by] mysqli_sql_exception: Table 'db_service_calories.ingredients' doesn't exist
in SYSTEMPATH\Database\MySQLi\Connection.php on line 327.
 1 SYSTEMPATH\Database\MySQLi\Connection.php(327): mysqli->query('SELECT * FROM ingredients WHERE food_key LIKE \'%chicken%\' LIMIT 1', 0)
 2 SYSTEMPATH\Database\BaseConnection.php(729): CodeIgniter\Database\MySQLi\Connection->execute('SELECT * FROM ingredients WHERE food_key LIKE \'%chicken%\' LIMIT 1')
 3 SYSTEMPATH\Database\BaseConnection.php(646): CodeIgniter\Database\BaseConnection->simpleQuery('SELECT * FROM ingredients WHERE food_key LIKE \'%chicken%\' LIMIT 1')
 4 APPPATH\Controllers\CaloriesController.php(39): CodeIgniter\Database\BaseConnection->query('SELECT * FROM ingredients WHERE food_key LIKE \'%chicken%\' LIMIT 1')
 5 SYSTEMPATH\CodeIgniter.php(933): App\Controllers\CaloriesController->create()
 6 SYSTEMPATH\CodeIgniter.php(507): CodeIgniter\CodeIgniter->runController(Object(App\Controllers\CaloriesController))
 7 SYSTEMPATH\CodeIgniter.php(354): CodeIgniter\CodeIgniter->handleRequest(null, Object(Config\Cache), false)
 8 SYSTEMPATH\Boot.php(363): CodeIgniter\CodeIgniter->run()
 9 SYSTEMPATH\Boot.php(68): CodeIgniter\Boot::runCodeIgniter(Object(CodeIgniter\CodeIgniter))
10 FCPATH\index.php(59): CodeIgniter\Boot::bootWeb(Object(Config\Paths))
